<?xml version="1.0" encoding="UTF-8"?>
<testsuites>
  <testsuite name="fastlane.lanes">
    
    
    
      
      <testcase classname="fastlane.lanes" name="0: update_fastlane" time="0.02902287">
        
      </testcase>
    
      
      <testcase classname="fastlane.lanes" name="1: default_platform" time="0.000351595">
        
      </testcase>
    
      
      <testcase classname="fastlane.lanes" name="2: clean assemble" time="19.044662845">
        
          <failure message="/usr/lib/ruby/gems/3.0.0/gems/fastlane-2.219.0/fastlane/lib/fastlane/actions/actions_helper.rb:67:in `execute_action&apos;&#10;/usr/lib/ruby/gems/3.0.0/gems/fastlane-2.219.0/fastlane/lib/fastlane/runner.rb:255:in `block in execute_action&apos;&#10;/usr/lib/ruby/gems/3.0.0/gems/fastlane-2.219.0/fastlane/lib/fastlane/runner.rb:229:in `chdir&apos;&#10;/usr/lib/ruby/gems/3.0.0/gems/fastlane-2.219.0/fastlane/lib/fastlane/runner.rb:229:in `execute_action&apos;&#10;/usr/lib/ruby/gems/3.0.0/gems/fastlane-2.219.0/fastlane/lib/fastlane/runner.rb:157:in `trigger_action_by_name&apos;&#10;/usr/lib/ruby/gems/3.0.0/gems/fastlane-2.219.0/fastlane/lib/fastlane/fast_file.rb:159:in `method_missing&apos;&#10;Fastfile:8:in `block (2 levels) in parsing_binding&apos;&#10;/usr/lib/ruby/gems/3.0.0/gems/fastlane-2.219.0/fastlane/lib/fastlane/lane.rb:41:in `call&apos;&#10;/usr/lib/ruby/gems/3.0.0/gems/fastlane-2.219.0/fastlane/lib/fastlane/runner.rb:49:in `block in execute&apos;&#10;/usr/lib/ruby/gems/3.0.0/gems/fastlane-2.219.0/fastlane/lib/fastlane/runner.rb:45:in `chdir&apos;&#10;/usr/lib/ruby/gems/3.0.0/gems/fastlane-2.219.0/fastlane/lib/fastlane/runner.rb:45:in `execute&apos;&#10;/usr/lib/ruby/gems/3.0.0/gems/fastlane-2.219.0/fastlane/lib/fastlane/lane_manager.rb:46:in `cruise_lane&apos;&#10;/usr/lib/ruby/gems/3.0.0/gems/fastlane-2.219.0/fastlane/lib/fastlane/command_line_handler.rb:34:in `handle&apos;&#10;/usr/lib/ruby/gems/3.0.0/gems/fastlane-2.219.0/fastlane/lib/fastlane/commands_generator.rb:110:in `block (2 levels) in run&apos;&#10;/usr/lib/ruby/gems/3.0.0/gems/commander-4.6.0/lib/commander/command.rb:187:in `call&apos;&#10;/usr/lib/ruby/gems/3.0.0/gems/commander-4.6.0/lib/commander/command.rb:157:in `run&apos;&#10;/usr/lib/ruby/gems/3.0.0/gems/commander-4.6.0/lib/commander/runner.rb:444:in `run_active_command&apos;&#10;/usr/lib/ruby/gems/3.0.0/gems/fastlane-2.219.0/fastlane_core/lib/fastlane_core/ui/fastlane_runner.rb:124:in `run!&apos;&#10;/usr/lib/ruby/gems/3.0.0/gems/commander-4.6.0/lib/commander/delegates.rb:18:in `run!&apos;&#10;/usr/lib/ruby/gems/3.0.0/gems/fastlane-2.219.0/fastlane/lib/fastlane/commands_generator.rb:354:in `run&apos;&#10;/usr/lib/ruby/gems/3.0.0/gems/fastlane-2.219.0/fastlane/lib/fastlane/commands_generator.rb:43:in `start&apos;&#10;/usr/lib/ruby/gems/3.0.0/gems/fastlane-2.219.0/fastlane/lib/fastlane/cli_tools_distributor.rb:123:in `take_off&apos;&#10;/usr/lib/ruby/gems/3.0.0/gems/fastlane-2.219.0/bin/fastlane:23:in `&lt;top (required)&gt;&apos;&#10;/usr/bin/fastlane:25:in `load&apos;&#10;/usr/bin/fastlane:25:in `&lt;top (required)&gt;&apos;&#10;/usr/lib/ruby/3.0.0/bundler/cli/exec.rb:58:in `load&apos;&#10;/usr/lib/ruby/3.0.0/bundler/cli/exec.rb:58:in `kernel_load&apos;&#10;/usr/lib/ruby/3.0.0/bundler/cli/exec.rb:23:in `run&apos;&#10;/usr/lib/ruby/3.0.0/bundler/cli.rb:451:in `exec&apos;&#10;/usr/lib/ruby/3.0.0/bundler/vendor/thor/lib/thor/command.rb:28:in `run&apos;&#10;/usr/lib/ruby/3.0.0/bundler/vendor/thor/lib/thor/invocation.rb:127:in `invoke_command&apos;&#10;/usr/lib/ruby/3.0.0/bundler/vendor/thor/lib/thor.rb:527:in `dispatch&apos;&#10;/usr/lib/ruby/3.0.0/bundler/cli.rb:34:in `dispatch&apos;&#10;/usr/lib/ruby/3.0.0/bundler/vendor/thor/lib/thor/base.rb:584:in `start&apos;&#10;/usr/lib/ruby/3.0.0/bundler/cli.rb:28:in `start&apos;&#10;/usr/lib/ruby/gems/3.0.0/gems/bundler-2.5.4/exe/bundle:28:in `block in &lt;top (required)&gt;&apos;&#10;/usr/lib/ruby/3.0.0/bundler/friendly_errors.rb:117:in `with_friendly_errors&apos;&#10;/usr/lib/ruby/gems/3.0.0/gems/bundler-2.5.4/exe/bundle:20:in `&lt;top (required)&gt;&apos;&#10;/usr/bin/bundle:25:in `load&apos;&#10;/usr/bin/bundle:25:in `&lt;main&gt;&apos;&#10;&#10;Exit status of command &apos;/home/imanuel/Projects/bambushain-app/gradlew clean assemble -p .&apos; was 1 instead of 0.&#10;&gt; Task :api:clean&#10;&gt; Task :app:clean&#10;&gt; Task :models:clean&#10;&gt; Task :api:preBuild UP-TO-DATE&#10;&gt; Task :api:preDebugBuild UP-TO-DATE&#10;&gt; Task :api:mergeDebugJniLibFolders&#10;&gt; Task :api:mergeDebugNativeLibs NO-SOURCE&#10;&gt; Task :api:stripDebugDebugSymbols NO-SOURCE&#10;&gt; Task :api:copyDebugJniLibsProjectAndLocalJars&#10;&gt; Task :models:compileJava&#10;&gt; Task :models:processResources NO-SOURCE&#10;&gt; Task :models:classes&#10;&gt; Task :models:jar&#10;&gt; Task :api:generateDebugResValues&#10;&gt; Task :api:generateDebugResources&#10;&gt; Task :api:packageDebugResources&#10;&gt; Task :api:extractDeepLinksForAarDebug UP-TO-DATE&#10;&gt; Task :api:parseDebugLocalResources&#10;&gt; Task :api:processDebugManifest&#10;&gt; Task :api:generateDebugRFile&#10;&gt; Task :api:mergeDebugShaders&#10;&gt; Task :api:javaPreCompileDebug&#10;&gt; Task :api:extractDebugAnnotations&#10;&gt; Task :api:compileDebugJavaWithJavac FAILED&#10;&#10;FAILURE: Build failed with an exception.&#10;&#10;* What went wrong:&#10;Execution failed for task &apos;:api:compileDebugJavaWithJavac&apos;.&#10;&gt; Could not resolve all files for configuration &apos;:api:androidJdkImage&apos;.&#10;   &gt; Failed to transform core-for-system-modules.jar to match attributes {artifactType=_internal_android_jdk_image, org.gradle.libraryelements=jar, org.gradle.usage=java-runtime}.&#10;      &gt; Execution failed for JdkImageTransform: /home/imanuel/Android/Sdk/platforms/android-34/core-for-system-modules.jar.&#10;         &gt; Error while executing process /usr/lib/jvm/java-21-jdk/bin/jlink with arguments {--module-path /home/imanuel/.gradle/caches/transforms-3/e55e70be6cd3379863fe76d24496233a/transformed/output/temp/jmod --add-modules java.base --output /home/imanuel/.gradle/caches/transforms-3/e55e70be6cd3379863fe76d24496233a/transformed/output/jdkImage --disable-plugin system-modules}&#10;&#10;* Try:&#10;&gt; Run with --stacktrace option to get the stack trace.&#10;&gt; Run with --info or --debug option to get more log output.&#10;&gt; Run with --scan to get full insights.&#10;&gt; Get more help at https://help.gradle.org.&#10;&#10;BUILD FAILED in 18s&#10;17 actionable tasks: 16 executed, 1 up-to-date&#10;" />
        
      </testcase>
    
  </testsuite>
</testsuites>
